<?xml version="1.0" encoding="UTF-8"?>
<!-- Generated by org.testng.reporters.JUnitReportReporter -->
<testsuite skipped="0" hostname="RoshanM" name="com.guru.testCases.Tc_LoginTest_001" tests="1" failures="0" timestamp="2020-03-13T16:32:52 GMT" time="7.976" errors="0">
  <testcase name="LoginTest" time="7.976" classname="com.guru.testCases.Tc_LoginTest_001"/>
  <system-out/>
</testsuite> <!-- com.guru.testCases.Tc_LoginTest_001 -->
